Build started 2017-03-13 11:10:07.
     1>Project "C:\Users\student\Desktop\pwplab2\build\Examples\Thread\SpawnThread.vcxproj" on node 2 (build target(s)).
     1>InitializeBuildStatus:
         Creating "SpawnThread.dir\Debug\SpawnThread.unsuccessfulbuild" because "AlwaysCreate" was specified.
       CustomBuild:
         Building Custom Rule C:/Users/student/Desktop/pwplab2/OpenIGTLink/Examples/Thread/CMakeLists.txt
         CMake does not need to re-run because C:\Users\student\Desktop\pwplab2\build\Examples\Thread\CMakeFiles\generate.stamp is up-to-date.
       MakeDirsForCl:
         Creating directory "C:\Users\student\Desktop\pwplab2\build\Examples\Thread\Debug".
       ClCompile:
         c:\Program Files\Microsoft Visual Studio 10.0\VC\bin\CL.exe /c /IC:\Users\student\Desktop\pwplab2\OpenIGTLink\Source\igtlutil /IC:\Users\student\Desktop\pwplab2\OpenIGTLink\Source /IC:\Users\student\Desktop\pwplab2\build /IC:\Users\student\Desktop\pwplab2\build\Source /IC:\Users\student\Desktop\pwplab2\build\Source\igtlutil /Zi /nologo /W3 /WX- /Od /Ob0 /Oy- /D WIN32 /D _WINDOWS /D _DEBUG /D "CMAKE_INTDIR=\"Debug\"" /D _MBCS /Gm- /EHsc /RTC1 /MDd /GS /fp:precise /Zc:wchar_t /Zc:forScope /GR /Fo"SpawnThread.dir\Debug\\" /Fd"SpawnThread.dir\Debug\vc100.pdb" /Gd /TP /analyze- /errorReport:prompt ..\..\..\OpenIGTLink\Examples\Thread\SpawnThread.cxx
         SpawnThread.cxx
       ManifestResourceCompile:
         C:\Program Files\Microsoft SDKs\Windows\v7.0A\bin\rc.exe /nologo /fo"SpawnThread.dir\Debug\SpawnThread.exe.embed.manifest.res" SpawnThread.dir\Debug\SpawnThread_manifest.rc 
       Link:
         c:\Program Files\Microsoft Visual Studio 10.0\VC\bin\link.exe /ERRORREPORT:PROMPT /OUT:"C:\Users\student\Desktop\pwplab2\build\bin\Debug\SpawnThread.exe" /INCREMENTAL /NOLOGO kernel32.lib user32.lib gdi32.lib winspool.lib shell32.lib ole32.lib oleaut32.lib uuid.lib comdlg32.lib advapi32.lib ..\..\bin\Debug\OpenIGTLink.lib ws2_32.lib wsock32.lib /MANIFEST /ManifestFile:"SpawnThread.dir\Debug\SpawnThread.exe.intermediate.manifest" /MANIFESTUAC:"level='asInvoker' uiAccess='false'" /DEBUG /PDB:"C:/Users/student/Desktop/pwplab2/build/bin/Debug/SpawnThread.pdb" /SUBSYSTEM:CONSOLE /TLBID:1 /DYNAMICBASE /NXCOMPAT /IMPLIB:"C:/Users/student/Desktop/pwplab2/build/bin/Debug/SpawnThread.lib" /MACHINE:X86 SpawnThread.dir\Debug\SpawnThread.exe.embed.manifest.res
         SpawnThread.dir\Debug\SpawnThread.obj  /machine:X86 /debug 
            Creating library C:/Users/student/Desktop/pwplab2/build/bin/Debug/SpawnThread.lib and object C:/Users/student/Desktop/pwplab2/build/bin/Debug/SpawnThread.exp
       Manifest:
         C:\Program Files\Microsoft SDKs\Windows\v7.0A\bin\mt.exe /nologo /verbose /out:"SpawnThread.dir\Debug\SpawnThread.exe.embed.manifest" /manifest SpawnThread.dir\Debug\SpawnThread.exe.intermediate.manifest
         C:\Program Files\Microsoft SDKs\Windows\v7.0A\bin\rc.exe /nologo /fo"SpawnThread.dir\Debug\SpawnThread.exe.embed.manifest.res" SpawnThread.dir\Debug\SpawnThread_manifest.rc 
       LinkEmbedManifest:
         c:\Program Files\Microsoft Visual Studio 10.0\VC\bin\link.exe /ERRORREPORT:PROMPT /OUT:"C:\Users\student\Desktop\pwplab2\build\bin\Debug\SpawnThread.exe" /INCREMENTAL /NOLOGO kernel32.lib user32.lib gdi32.lib winspool.lib shell32.lib ole32.lib oleaut32.lib uuid.lib comdlg32.lib advapi32.lib ..\..\bin\Debug\OpenIGTLink.lib ws2_32.lib wsock32.lib /MANIFEST /ManifestFile:"SpawnThread.dir\Debug\SpawnThread.exe.intermediate.manifest" /MANIFESTUAC:"level='asInvoker' uiAccess='false'" /DEBUG /PDB:"C:/Users/student/Desktop/pwplab2/build/bin/Debug/SpawnThread.pdb" /SUBSYSTEM:CONSOLE /TLBID:1 /DYNAMICBASE /NXCOMPAT /IMPLIB:"C:/Users/student/Desktop/pwplab2/build/bin/Debug/SpawnThread.lib" /MACHINE:X86 SpawnThread.dir\Debug\SpawnThread.exe.embed.manifest.res
         SpawnThread.dir\Debug\SpawnThread.obj  /machine:X86 /debug 
            Creating library C:/Users/student/Desktop/pwplab2/build/bin/Debug/SpawnThread.lib and object C:/Users/student/Desktop/pwplab2/build/bin/Debug/SpawnThread.exp
         SpawnThread.vcxproj -> C:\Users\student\Desktop\pwplab2\build\bin\Debug\SpawnThread.exe
       FinalizeBuildStatus:
         Deleting file "SpawnThread.dir\Debug\SpawnThread.unsuccessfulbuild".
         Touching "SpawnThread.dir\Debug\SpawnThread.lastbuildstate".
     1>Done Building Project "C:\Users\student\Desktop\pwplab2\build\Examples\Thread\SpawnThread.vcxproj" (build target(s)).

Build succeeded.

Time Elapsed 00:00:02.54
