Build started 2017-03-13 11:09:46.
     1>Project "C:\Users\student\Desktop\pwplab2\build\Examples\TrackingData\TrackingDataClient.vcxproj" on node 3 (build target(s)).
     1>InitializeBuildStatus:
         Creating "TrackingDataClient.dir\Debug\TrackingDataClient.unsuccessfulbuild" because "AlwaysCreate" was specified.
       CustomBuild:
         Building Custom Rule C:/Users/student/Desktop/pwplab2/OpenIGTLink/Examples/TrackingData/CMakeLists.txt
         CMake does not need to re-run because C:\Users\student\Desktop\pwplab2\build\Examples\TrackingData\CMakeFiles\generate.stamp is up-to-date.
       ClCompile:
         c:\Program Files\Microsoft Visual Studio 10.0\VC\bin\CL.exe /c /IC:\Users\student\Desktop\pwplab2\OpenIGTLink\Source\igtlutil /IC:\Users\student\Desktop\pwplab2\OpenIGTLink\Source /IC:\Users\student\Desktop\pwplab2\build /IC:\Users\student\Desktop\pwplab2\build\Source /IC:\Users\student\Desktop\pwplab2\build\Source\igtlutil /Zi /nologo /W3 /WX- /Od /Ob0 /Oy- /D WIN32 /D _WINDOWS /D _DEBUG /D "CMAKE_INTDIR=\"Debug\"" /D _MBCS /Gm- /EHsc /RTC1 /MDd /GS /fp:precise /Zc:wchar_t /Zc:forScope /GR /Fo"TrackingDataClient.dir\Debug\\" /Fd"TrackingDataClient.dir\Debug\vc100.pdb" /Gd /TP /analyze- /errorReport:prompt ..\..\..\OpenIGTLink\Examples\TrackingData\TrackingDataClient.cxx
         TrackingDataClient.cxx
       ManifestResourceCompile:
         C:\Program Files\Microsoft SDKs\Windows\v7.0A\bin\rc.exe /nologo /fo"TrackingDataClient.dir\Debug\TrackingDataClient.exe.embed.manifest.res" TrackingDataClient.dir\Debug\TrackingDataClient_manifest.rc 
       Link:
         c:\Program Files\Microsoft Visual Studio 10.0\VC\bin\link.exe /ERRORREPORT:PROMPT /OUT:"C:\Users\student\Desktop\pwplab2\build\bin\Debug\TrackingDataClient.exe" /INCREMENTAL /NOLOGO kernel32.lib user32.lib gdi32.lib winspool.lib shell32.lib ole32.lib oleaut32.lib uuid.lib comdlg32.lib advapi32.lib ..\..\bin\Debug\OpenIGTLink.lib ws2_32.lib wsock32.lib /MANIFEST /ManifestFile:"TrackingDataClient.dir\Debug\TrackingDataClient.exe.intermediate.manifest" /MANIFESTUAC:"level='asInvoker' uiAccess='false'" /DEBUG /PDB:"C:/Users/student/Desktop/pwplab2/build/bin/Debug/TrackingDataClient.pdb" /SUBSYSTEM:CONSOLE /TLBID:1 /DYNAMICBASE /NXCOMPAT /IMPLIB:"C:/Users/student/Desktop/pwplab2/build/bin/Debug/TrackingDataClient.lib" /MACHINE:X86 TrackingDataClient.dir\Debug\TrackingDataClient.exe.embed.manifest.res
         TrackingDataClient.dir\Debug\TrackingDataClient.obj  /machine:X86 /debug 
            Creating library C:/Users/student/Desktop/pwplab2/build/bin/Debug/TrackingDataClient.lib and object C:/Users/student/Desktop/pwplab2/build/bin/Debug/TrackingDataClient.exp
       Manifest:
         C:\Program Files\Microsoft SDKs\Windows\v7.0A\bin\mt.exe /nologo /verbose /out:"TrackingDataClient.dir\Debug\TrackingDataClient.exe.embed.manifest" /manifest TrackingDataClient.dir\Debug\TrackingDataClient.exe.intermediate.manifest
         C:\Program Files\Microsoft SDKs\Windows\v7.0A\bin\rc.exe /nologo /fo"TrackingDataClient.dir\Debug\TrackingDataClient.exe.embed.manifest.res" TrackingDataClient.dir\Debug\TrackingDataClient_manifest.rc 
       LinkEmbedManifest:
         c:\Program Files\Microsoft Visual Studio 10.0\VC\bin\link.exe /ERRORREPORT:PROMPT /OUT:"C:\Users\student\Desktop\pwplab2\build\bin\Debug\TrackingDataClient.exe" /INCREMENTAL /NOLOGO kernel32.lib user32.lib gdi32.lib winspool.lib shell32.lib ole32.lib oleaut32.lib uuid.lib comdlg32.lib advapi32.lib ..\..\bin\Debug\OpenIGTLink.lib ws2_32.lib wsock32.lib /MANIFEST /ManifestFile:"TrackingDataClient.dir\Debug\TrackingDataClient.exe.intermediate.manifest" /MANIFESTUAC:"level='asInvoker' uiAccess='false'" /DEBUG /PDB:"C:/Users/student/Desktop/pwplab2/build/bin/Debug/TrackingDataClient.pdb" /SUBSYSTEM:CONSOLE /TLBID:1 /DYNAMICBASE /NXCOMPAT /IMPLIB:"C:/Users/student/Desktop/pwplab2/build/bin/Debug/TrackingDataClient.lib" /MACHINE:X86 TrackingDataClient.dir\Debug\TrackingDataClient.exe.embed.manifest.res
         TrackingDataClient.dir\Debug\TrackingDataClient.obj  /machine:X86 /debug 
            Creating library C:/Users/student/Desktop/pwplab2/build/bin/Debug/TrackingDataClient.lib and object C:/Users/student/Desktop/pwplab2/build/bin/Debug/TrackingDataClient.exp
         TrackingDataClient.vcxproj -> C:\Users\student\Desktop\pwplab2\build\bin\Debug\TrackingDataClient.exe
       FinalizeBuildStatus:
         Deleting file "TrackingDataClient.dir\Debug\TrackingDataClient.unsuccessfulbuild".
         Touching "TrackingDataClient.dir\Debug\TrackingDataClient.lastbuildstate".
     1>Done Building Project "C:\Users\student\Desktop\pwplab2\build\Examples\TrackingData\TrackingDataClient.vcxproj" (build target(s)).

Build succeeded.

Time Elapsed 00:00:02.36
