Build started 2017-03-13 11:10:37.
     1>Project "C:\Users\student\Desktop\pwplab2\build\Examples\ImageMeta\LabelMetaServer.vcxproj" on node 2 (build target(s)).
     1>InitializeBuildStatus:
         Creating "LabelMetaServer.dir\Debug\LabelMetaServer.unsuccessfulbuild" because "AlwaysCreate" was specified.
       CustomBuild:
         Building Custom Rule C:/Users/student/Desktop/pwplab2/OpenIGTLink/Examples/ImageMeta/CMakeLists.txt
         CMake does not need to re-run because C:\Users\student\Desktop\pwplab2\build\Examples\ImageMeta\CMakeFiles\generate.stamp is up-to-date.
       MakeDirsForCl:
         Creating directory "C:\Users\student\Desktop\pwplab2\build\Examples\ImageMeta\Debug".
       ClCompile:
         c:\Program Files\Microsoft Visual Studio 10.0\VC\bin\CL.exe /c /IC:\Users\student\Desktop\pwplab2\OpenIGTLink\Source\igtlutil /IC:\Users\student\Desktop\pwplab2\OpenIGTLink\Source /IC:\Users\student\Desktop\pwplab2\build /IC:\Users\student\Desktop\pwplab2\build\Source /IC:\Users\student\Desktop\pwplab2\build\Source\igtlutil /Zi /nologo /W3 /WX- /Od /Ob0 /Oy- /D WIN32 /D _WINDOWS /D _DEBUG /D "CMAKE_INTDIR=\"Debug\"" /D _MBCS /Gm- /EHsc /RTC1 /MDd /GS /fp:precise /Zc:wchar_t /Zc:forScope /GR /Fo"LabelMetaServer.dir\Debug\\" /Fd"LabelMetaServer.dir\Debug\vc100.pdb" /Gd /TP /analyze- /errorReport:prompt ..\..\..\OpenIGTLink\Examples\ImageMeta\LabelMetaServer.cxx
         LabelMetaServer.cxx
       ManifestResourceCompile:
         C:\Program Files\Microsoft SDKs\Windows\v7.0A\bin\rc.exe /nologo /fo"LabelMetaServer.dir\Debug\LabelMetaServer.exe.embed.manifest.res" LabelMetaServer.dir\Debug\LabelMetaServer_manifest.rc 
       Link:
         c:\Program Files\Microsoft Visual Studio 10.0\VC\bin\link.exe /ERRORREPORT:PROMPT /OUT:"C:\Users\student\Desktop\pwplab2\build\bin\Debug\LabelMetaServer.exe" /INCREMENTAL /NOLOGO kernel32.lib user32.lib gdi32.lib winspool.lib shell32.lib ole32.lib oleaut32.lib uuid.lib comdlg32.lib advapi32.lib ..\..\bin\Debug\OpenIGTLink.lib ws2_32.lib wsock32.lib /MANIFEST /ManifestFile:"LabelMetaServer.dir\Debug\LabelMetaServer.exe.intermediate.manifest" /MANIFESTUAC:"level='asInvoker' uiAccess='false'" /DEBUG /PDB:"C:/Users/student/Desktop/pwplab2/build/bin/Debug/LabelMetaServer.pdb" /SUBSYSTEM:CONSOLE /TLBID:1 /DYNAMICBASE /NXCOMPAT /IMPLIB:"C:/Users/student/Desktop/pwplab2/build/bin/Debug/LabelMetaServer.lib" /MACHINE:X86 LabelMetaServer.dir\Debug\LabelMetaServer.exe.embed.manifest.res
         LabelMetaServer.dir\Debug\LabelMetaServer.obj  /machine:X86 /debug 
            Creating library C:/Users/student/Desktop/pwplab2/build/bin/Debug/LabelMetaServer.lib and object C:/Users/student/Desktop/pwplab2/build/bin/Debug/LabelMetaServer.exp
       Manifest:
         C:\Program Files\Microsoft SDKs\Windows\v7.0A\bin\mt.exe /nologo /verbose /out:"LabelMetaServer.dir\Debug\LabelMetaServer.exe.embed.manifest" /manifest LabelMetaServer.dir\Debug\LabelMetaServer.exe.intermediate.manifest
         C:\Program Files\Microsoft SDKs\Windows\v7.0A\bin\rc.exe /nologo /fo"LabelMetaServer.dir\Debug\LabelMetaServer.exe.embed.manifest.res" LabelMetaServer.dir\Debug\LabelMetaServer_manifest.rc 
       LinkEmbedManifest:
         c:\Program Files\Microsoft Visual Studio 10.0\VC\bin\link.exe /ERRORREPORT:PROMPT /OUT:"C:\Users\student\Desktop\pwplab2\build\bin\Debug\LabelMetaServer.exe" /INCREMENTAL /NOLOGO kernel32.lib user32.lib gdi32.lib winspool.lib shell32.lib ole32.lib oleaut32.lib uuid.lib comdlg32.lib advapi32.lib ..\..\bin\Debug\OpenIGTLink.lib ws2_32.lib wsock32.lib /MANIFEST /ManifestFile:"LabelMetaServer.dir\Debug\LabelMetaServer.exe.intermediate.manifest" /MANIFESTUAC:"level='asInvoker' uiAccess='false'" /DEBUG /PDB:"C:/Users/student/Desktop/pwplab2/build/bin/Debug/LabelMetaServer.pdb" /SUBSYSTEM:CONSOLE /TLBID:1 /DYNAMICBASE /NXCOMPAT /IMPLIB:"C:/Users/student/Desktop/pwplab2/build/bin/Debug/LabelMetaServer.lib" /MACHINE:X86 LabelMetaServer.dir\Debug\LabelMetaServer.exe.embed.manifest.res
         LabelMetaServer.dir\Debug\LabelMetaServer.obj  /machine:X86 /debug 
            Creating library C:/Users/student/Desktop/pwplab2/build/bin/Debug/LabelMetaServer.lib and object C:/Users/student/Desktop/pwplab2/build/bin/Debug/LabelMetaServer.exp
         LabelMetaServer.vcxproj -> C:\Users\student\Desktop\pwplab2\build\bin\Debug\LabelMetaServer.exe
       FinalizeBuildStatus:
         Deleting file "LabelMetaServer.dir\Debug\LabelMetaServer.unsuccessfulbuild".
         Touching "LabelMetaServer.dir\Debug\LabelMetaServer.lastbuildstate".
     1>Done Building Project "C:\Users\student\Desktop\pwplab2\build\Examples\ImageMeta\LabelMetaServer.vcxproj" (build target(s)).

Build succeeded.

Time Elapsed 00:00:03.32
