Build started 2017-03-13 12:41:45.
     1>Project "C:\Users\student\Desktop\pwplab2\build\Examples\NowyKlient\NowyKlient.vcxproj" on node 2 (build target(s)).
     1>InitializeBuildStatus:
         Creating "NowyKlient.dir\Debug\NowyKlient.unsuccessfulbuild" because "AlwaysCreate" was specified.
       CustomBuild:
         All outputs are up-to-date.
       ClCompile:
         c:\Program Files\Microsoft Visual Studio 10.0\VC\bin\CL.exe /c /IC:\Users\student\Desktop\pwplab2\OpenIGTLink\Source\igtlutil /IC:\Users\student\Desktop\pwplab2\OpenIGTLink\Source /IC:\Users\student\Desktop\pwplab2\build /IC:\Users\student\Desktop\pwplab2\build\Source /IC:\Users\student\Desktop\pwplab2\build\Source\igtlutil /Zi /nologo /W3 /WX- /Od /Ob0 /Oy- /D WIN32 /D _WINDOWS /D _DEBUG /D "CMAKE_INTDIR=\"Debug\"" /D _MBCS /Gm- /EHsc /RTC1 /MDd /GS /fp:precise /Zc:wchar_t /Zc:forScope /GR /Fo"NowyKlient.dir\Debug\\" /Fd"NowyKlient.dir\Debug\vc100.pdb" /Gd /TP /analyze- /errorReport:prompt ..\..\..\OpenIGTLink\Examples\NowyKlient\NowyKlient.cxx
         NowyKlient.cxx
       ManifestResourceCompile:
         All outputs are up-to-date.
       Link:
         c:\Program Files\Microsoft Visual Studio 10.0\VC\bin\link.exe /ERRORREPORT:PROMPT /OUT:"C:\Users\student\Desktop\pwplab2\build\bin\Debug\NowyKlient.exe" /INCREMENTAL /NOLOGO kernel32.lib user32.lib gdi32.lib winspool.lib shell32.lib ole32.lib oleaut32.lib uuid.lib comdlg32.lib advapi32.lib ..\..\bin\Debug\OpenIGTLink.lib ws2_32.lib wsock32.lib /MANIFEST /ManifestFile:"NowyKlient.dir\Debug\NowyKlient.exe.intermediate.manifest" /MANIFESTUAC:"level='asInvoker' uiAccess='false'" /DEBUG /PDB:"C:/Users/student/Desktop/pwplab2/build/bin/Debug/NowyKlient.pdb" /SUBSYSTEM:CONSOLE /TLBID:1 /DYNAMICBASE /NXCOMPAT /IMPLIB:"C:/Users/student/Desktop/pwplab2/build/bin/Debug/NowyKlient.lib" /MACHINE:X86 NowyKlient.dir\Debug\NowyKlient.exe.embed.manifest.res
         NowyKlient.dir\Debug\NowyKlient.obj  /machine:X86 /debug 
       Manifest:
         C:\Program Files\Microsoft SDKs\Windows\v7.0A\bin\mt.exe /nologo /verbose /out:"NowyKlient.dir\Debug\NowyKlient.exe.embed.manifest" /manifest NowyKlient.dir\Debug\NowyKlient.exe.intermediate.manifest
         All outputs are up-to-date.
       LinkEmbedManifest:
         All outputs are up-to-date.
         NowyKlient.vcxproj -> C:\Users\student\Desktop\pwplab2\build\bin\Debug\NowyKlient.exe
       FinalizeBuildStatus:
         Deleting file "NowyKlient.dir\Debug\NowyKlient.unsuccessfulbuild".
         Touching "NowyKlient.dir\Debug\NowyKlient.lastbuildstate".
     1>Done Building Project "C:\Users\student\Desktop\pwplab2\build\Examples\NowyKlient\NowyKlient.vcxproj" (build target(s)).

Build succeeded.

Time Elapsed 00:00:01.38
