Build started 2017-03-13 11:10:17.
     1>Project "C:\Users\student\Desktop\pwplab2\build\Examples\QuaternionTrackingData\QuaternionTrackingDataClient.vcxproj" on node 3 (build target(s)).
     1>InitializeBuildStatus:
         Creating "QuaternionTrackingDataClient.dir\Debug\QuaternionTrackingDataClient.unsuccessfulbuild" because "AlwaysCreate" was specified.
       CustomBuild:
         Building Custom Rule C:/Users/student/Desktop/pwplab2/OpenIGTLink/Examples/QuaternionTrackingData/CMakeLists.txt
         CMake does not need to re-run because C:\Users\student\Desktop\pwplab2\build\Examples\QuaternionTrackingData\CMakeFiles\generate.stamp is up-to-date.
       ClCompile:
         c:\Program Files\Microsoft Visual Studio 10.0\VC\bin\CL.exe /c /IC:\Users\student\Desktop\pwplab2\OpenIGTLink\Source\igtlutil /IC:\Users\student\Desktop\pwplab2\OpenIGTLink\Source /IC:\Users\student\Desktop\pwplab2\build /IC:\Users\student\Desktop\pwplab2\build\Source /IC:\Users\student\Desktop\pwplab2\build\Source\igtlutil /Zi /nologo /W3 /WX- /Od /Ob0 /Oy- /D WIN32 /D _WINDOWS /D _DEBUG /D "CMAKE_INTDIR=\"Debug\"" /D _MBCS /Gm- /EHsc /RTC1 /MDd /GS /fp:precise /Zc:wchar_t /Zc:forScope /GR /Fo"QuaternionTrackingDataClient.dir\Debug\\" /Fd"QuaternionTrackingDataClient.dir\Debug\vc100.pdb" /Gd /TP /analyze- /errorReport:prompt ..\..\..\OpenIGTLink\Examples\QuaternionTrackingData\QuaternionTrackingDataClient.cxx
         QuaternionTrackingDataClient.cxx
       ManifestResourceCompile:
         C:\Program Files\Microsoft SDKs\Windows\v7.0A\bin\rc.exe /nologo /fo"QuaternionTrackingDataClient.dir\Debug\QuaternionTrackingDataClient.exe.embed.manifest.res" QuaternionTrackingDataClient.dir\Debug\QuaternionTrackingDataClient_manifest.rc 
       Link:
         c:\Program Files\Microsoft Visual Studio 10.0\VC\bin\link.exe /ERRORREPORT:PROMPT /OUT:"C:\Users\student\Desktop\pwplab2\build\bin\Debug\QuaternionTrackingDataClient.exe" /INCREMENTAL /NOLOGO kernel32.lib user32.lib gdi32.lib winspool.lib shell32.lib ole32.lib oleaut32.lib uuid.lib comdlg32.lib advapi32.lib ..\..\bin\Debug\OpenIGTLink.lib ws2_32.lib wsock32.lib /MANIFEST /ManifestFile:"QuaternionTrackingDataClient.dir\Debug\QuaternionTrackingDataClient.exe.intermediate.manifest" /MANIFESTUAC:"level='asInvoker' uiAccess='false'" /DEBUG /PDB:"C:/Users/student/Desktop/pwplab2/build/bin/Debug/QuaternionTrackingDataClient.pdb" /SUBSYSTEM:CONSOLE /TLBID:1 /DYNAMICBASE /NXCOMPAT /IMPLIB:"C:/Users/student/Desktop/pwplab2/build/bin/Debug/QuaternionTrackingDataClient.lib" /MACHINE:X86 QuaternionTrackingDataClient.dir\Debug\QuaternionTrackingDataClient.exe.embed.manifest.res
         QuaternionTrackingDataClient.dir\Debug\QuaternionTrackingDataClient.obj  /machine:X86 /debug 
            Creating library C:/Users/student/Desktop/pwplab2/build/bin/Debug/QuaternionTrackingDataClient.lib and object C:/Users/student/Desktop/pwplab2/build/bin/Debug/QuaternionTrackingDataClient.exp
       Manifest:
         C:\Program Files\Microsoft SDKs\Windows\v7.0A\bin\mt.exe /nologo /verbose /out:"QuaternionTrackingDataClient.dir\Debug\QuaternionTrackingDataClient.exe.embed.manifest" /manifest QuaternionTrackingDataClient.dir\Debug\QuaternionTrackingDataClient.exe.intermediate.manifest
         C:\Program Files\Microsoft SDKs\Windows\v7.0A\bin\rc.exe /nologo /fo"QuaternionTrackingDataClient.dir\Debug\QuaternionTrackingDataClient.exe.embed.manifest.res" QuaternionTrackingDataClient.dir\Debug\QuaternionTrackingDataClient_manifest.rc 
       LinkEmbedManifest:
         c:\Program Files\Microsoft Visual Studio 10.0\VC\bin\link.exe /ERRORREPORT:PROMPT /OUT:"C:\Users\student\Desktop\pwplab2\build\bin\Debug\QuaternionTrackingDataClient.exe" /INCREMENTAL /NOLOGO kernel32.lib user32.lib gdi32.lib winspool.lib shell32.lib ole32.lib oleaut32.lib uuid.lib comdlg32.lib advapi32.lib ..\..\bin\Debug\OpenIGTLink.lib ws2_32.lib wsock32.lib /MANIFEST /ManifestFile:"QuaternionTrackingDataClient.dir\Debug\QuaternionTrackingDataClient.exe.intermediate.manifest" /MANIFESTUAC:"level='asInvoker' uiAccess='false'" /DEBUG /PDB:"C:/Users/student/Desktop/pwplab2/build/bin/Debug/QuaternionTrackingDataClient.pdb" /SUBSYSTEM:CONSOLE /TLBID:1 /DYNAMICBASE /NXCOMPAT /IMPLIB:"C:/Users/student/Desktop/pwplab2/build/bin/Debug/QuaternionTrackingDataClient.lib" /MACHINE:X86 QuaternionTrackingDataClient.dir\Debug\QuaternionTrackingDataClient.exe.embed.manifest.res
         QuaternionTrackingDataClient.dir\Debug\QuaternionTrackingDataClient.obj  /machine:X86 /debug 
            Creating library C:/Users/student/Desktop/pwplab2/build/bin/Debug/QuaternionTrackingDataClient.lib and object C:/Users/student/Desktop/pwplab2/build/bin/Debug/QuaternionTrackingDataClient.exp
         QuaternionTrackingDataClient.vcxproj -> C:\Users\student\Desktop\pwplab2\build\bin\Debug\QuaternionTrackingDataClient.exe
       FinalizeBuildStatus:
         Deleting file "QuaternionTrackingDataClient.dir\Debug\QuaternionTrackingDataClient.unsuccessfulbuild".
         Touching "QuaternionTrackingDataClient.dir\Debug\QuaternionTrackingDataClient.lastbuildstate".
     1>Done Building Project "C:\Users\student\Desktop\pwplab2\build\Examples\QuaternionTrackingData\QuaternionTrackingDataClient.vcxproj" (build target(s)).

Build succeeded.

Time Elapsed 00:00:02.85
