Build started 2017-03-13 11:09:44.
     1>Project "C:\Users\student\Desktop\pwplab2\build\Examples\TrackingData\TrackingDataServer.vcxproj" on node 2 (build target(s)).
     1>InitializeBuildStatus:
         Creating "TrackingDataServer.dir\Debug\TrackingDataServer.unsuccessfulbuild" because "AlwaysCreate" was specified.
       CustomBuild:
         Building Custom Rule C:/Users/student/Desktop/pwplab2/OpenIGTLink/Examples/TrackingData/CMakeLists.txt
         CMake does not need to re-run because C:\Users\student\Desktop\pwplab2\build\Examples\TrackingData\CMakeFiles\generate.stamp is up-to-date.
       MakeDirsForCl:
         Creating directory "C:\Users\student\Desktop\pwplab2\build\Examples\TrackingData\Debug".
       ClCompile:
         c:\Program Files\Microsoft Visual Studio 10.0\VC\bin\CL.exe /c /IC:\Users\student\Desktop\pwplab2\OpenIGTLink\Source\igtlutil /IC:\Users\student\Desktop\pwplab2\OpenIGTLink\Source /IC:\Users\student\Desktop\pwplab2\build /IC:\Users\student\Desktop\pwplab2\build\Source /IC:\Users\student\Desktop\pwplab2\build\Source\igtlutil /Zi /nologo /W3 /WX- /Od /Ob0 /Oy- /D WIN32 /D _WINDOWS /D _DEBUG /D "CMAKE_INTDIR=\"Debug\"" /D _MBCS /Gm- /EHsc /RTC1 /MDd /GS /fp:precise /Zc:wchar_t /Zc:forScope /GR /Fo"TrackingDataServer.dir\Debug\\" /Fd"TrackingDataServer.dir\Debug\vc100.pdb" /Gd /TP /analyze- /errorReport:prompt ..\..\..\OpenIGTLink\Examples\TrackingData\TrackingDataServer.cxx
         TrackingDataServer.cxx
       ManifestResourceCompile:
         C:\Program Files\Microsoft SDKs\Windows\v7.0A\bin\rc.exe /nologo /fo"TrackingDataServer.dir\Debug\TrackingDataServer.exe.embed.manifest.res" TrackingDataServer.dir\Debug\TrackingDataServer_manifest.rc 
       Link:
         c:\Program Files\Microsoft Visual Studio 10.0\VC\bin\link.exe /ERRORREPORT:PROMPT /OUT:"C:\Users\student\Desktop\pwplab2\build\bin\Debug\TrackingDataServer.exe" /INCREMENTAL /NOLOGO kernel32.lib user32.lib gdi32.lib winspool.lib shell32.lib ole32.lib oleaut32.lib uuid.lib comdlg32.lib advapi32.lib ..\..\bin\Debug\OpenIGTLink.lib ws2_32.lib wsock32.lib /MANIFEST /ManifestFile:"TrackingDataServer.dir\Debug\TrackingDataServer.exe.intermediate.manifest" /MANIFESTUAC:"level='asInvoker' uiAccess='false'" /DEBUG /PDB:"C:/Users/student/Desktop/pwplab2/build/bin/Debug/TrackingDataServer.pdb" /SUBSYSTEM:CONSOLE /TLBID:1 /DYNAMICBASE /NXCOMPAT /IMPLIB:"C:/Users/student/Desktop/pwplab2/build/bin/Debug/TrackingDataServer.lib" /MACHINE:X86 TrackingDataServer.dir\Debug\TrackingDataServer.exe.embed.manifest.res
         TrackingDataServer.dir\Debug\TrackingDataServer.obj  /machine:X86 /debug 
            Creating library C:/Users/student/Desktop/pwplab2/build/bin/Debug/TrackingDataServer.lib and object C:/Users/student/Desktop/pwplab2/build/bin/Debug/TrackingDataServer.exp
       Manifest:
         C:\Program Files\Microsoft SDKs\Windows\v7.0A\bin\mt.exe /nologo /verbose /out:"TrackingDataServer.dir\Debug\TrackingDataServer.exe.embed.manifest" /manifest TrackingDataServer.dir\Debug\TrackingDataServer.exe.intermediate.manifest
         C:\Program Files\Microsoft SDKs\Windows\v7.0A\bin\rc.exe /nologo /fo"TrackingDataServer.dir\Debug\TrackingDataServer.exe.embed.manifest.res" TrackingDataServer.dir\Debug\TrackingDataServer_manifest.rc 
       LinkEmbedManifest:
         c:\Program Files\Microsoft Visual Studio 10.0\VC\bin\link.exe /ERRORREPORT:PROMPT /OUT:"C:\Users\student\Desktop\pwplab2\build\bin\Debug\TrackingDataServer.exe" /INCREMENTAL /NOLOGO kernel32.lib user32.lib gdi32.lib winspool.lib shell32.lib ole32.lib oleaut32.lib uuid.lib comdlg32.lib advapi32.lib ..\..\bin\Debug\OpenIGTLink.lib ws2_32.lib wsock32.lib /MANIFEST /ManifestFile:"TrackingDataServer.dir\Debug\TrackingDataServer.exe.intermediate.manifest" /MANIFESTUAC:"level='asInvoker' uiAccess='false'" /DEBUG /PDB:"C:/Users/student/Desktop/pwplab2/build/bin/Debug/TrackingDataServer.pdb" /SUBSYSTEM:CONSOLE /TLBID:1 /DYNAMICBASE /NXCOMPAT /IMPLIB:"C:/Users/student/Desktop/pwplab2/build/bin/Debug/TrackingDataServer.lib" /MACHINE:X86 TrackingDataServer.dir\Debug\TrackingDataServer.exe.embed.manifest.res
         TrackingDataServer.dir\Debug\TrackingDataServer.obj  /machine:X86 /debug 
            Creating library C:/Users/student/Desktop/pwplab2/build/bin/Debug/TrackingDataServer.lib and object C:/Users/student/Desktop/pwplab2/build/bin/Debug/TrackingDataServer.exp
         TrackingDataServer.vcxproj -> C:\Users\student\Desktop\pwplab2\build\bin\Debug\TrackingDataServer.exe
       FinalizeBuildStatus:
         Deleting file "TrackingDataServer.dir\Debug\TrackingDataServer.unsuccessfulbuild".
         Touching "TrackingDataServer.dir\Debug\TrackingDataServer.lastbuildstate".
     1>Done Building Project "C:\Users\student\Desktop\pwplab2\build\Examples\TrackingData\TrackingDataServer.vcxproj" (build target(s)).

Build succeeded.

Time Elapsed 00:00:02.61
