Build started 2017-03-13 11:10:08.
     1>Project "C:\Users\student\Desktop\pwplab2\build\Examples\Thread\SingleMethodExecute.vcxproj" on node 3 (build target(s)).
     1>InitializeBuildStatus:
         Creating "SingleMethodExecute.dir\Debug\SingleMethodExecute.unsuccessfulbuild" because "AlwaysCreate" was specified.
       CustomBuild:
         Building Custom Rule C:/Users/student/Desktop/pwplab2/OpenIGTLink/Examples/Thread/CMakeLists.txt
         CMake does not need to re-run because C:\Users\student\Desktop\pwplab2\build\Examples\Thread\CMakeFiles\generate.stamp is up-to-date.
       ClCompile:
         c:\Program Files\Microsoft Visual Studio 10.0\VC\bin\CL.exe /c /IC:\Users\student\Desktop\pwplab2\OpenIGTLink\Source\igtlutil /IC:\Users\student\Desktop\pwplab2\OpenIGTLink\Source /IC:\Users\student\Desktop\pwplab2\build /IC:\Users\student\Desktop\pwplab2\build\Source /IC:\Users\student\Desktop\pwplab2\build\Source\igtlutil /Zi /nologo /W3 /WX- /Od /Ob0 /Oy- /D WIN32 /D _WINDOWS /D _DEBUG /D "CMAKE_INTDIR=\"Debug\"" /D _MBCS /Gm- /EHsc /RTC1 /MDd /GS /fp:precise /Zc:wchar_t /Zc:forScope /GR /Fo"SingleMethodExecute.dir\Debug\\" /Fd"SingleMethodExecute.dir\Debug\vc100.pdb" /Gd /TP /analyze- /errorReport:prompt ..\..\..\OpenIGTLink\Examples\Thread\SingleMethodExecute.cxx
         SingleMethodExecute.cxx
       ManifestResourceCompile:
         C:\Program Files\Microsoft SDKs\Windows\v7.0A\bin\rc.exe /nologo /fo"SingleMethodExecute.dir\Debug\SingleMethodExecute.exe.embed.manifest.res" SingleMethodExecute.dir\Debug\SingleMethodExecute_manifest.rc 
       Link:
         c:\Program Files\Microsoft Visual Studio 10.0\VC\bin\link.exe /ERRORREPORT:PROMPT /OUT:"C:\Users\student\Desktop\pwplab2\build\bin\Debug\SingleMethodExecute.exe" /INCREMENTAL /NOLOGO kernel32.lib user32.lib gdi32.lib winspool.lib shell32.lib ole32.lib oleaut32.lib uuid.lib comdlg32.lib advapi32.lib ..\..\bin\Debug\OpenIGTLink.lib ws2_32.lib wsock32.lib /MANIFEST /ManifestFile:"SingleMethodExecute.dir\Debug\SingleMethodExecute.exe.intermediate.manifest" /MANIFESTUAC:"level='asInvoker' uiAccess='false'" /DEBUG /PDB:"C:/Users/student/Desktop/pwplab2/build/bin/Debug/SingleMethodExecute.pdb" /SUBSYSTEM:CONSOLE /TLBID:1 /DYNAMICBASE /NXCOMPAT /IMPLIB:"C:/Users/student/Desktop/pwplab2/build/bin/Debug/SingleMethodExecute.lib" /MACHINE:X86 SingleMethodExecute.dir\Debug\SingleMethodExecute.exe.embed.manifest.res
         SingleMethodExecute.dir\Debug\SingleMethodExecute.obj  /machine:X86 /debug 
            Creating library C:/Users/student/Desktop/pwplab2/build/bin/Debug/SingleMethodExecute.lib and object C:/Users/student/Desktop/pwplab2/build/bin/Debug/SingleMethodExecute.exp
       Manifest:
         C:\Program Files\Microsoft SDKs\Windows\v7.0A\bin\mt.exe /nologo /verbose /out:"SingleMethodExecute.dir\Debug\SingleMethodExecute.exe.embed.manifest" /manifest SingleMethodExecute.dir\Debug\SingleMethodExecute.exe.intermediate.manifest
         C:\Program Files\Microsoft SDKs\Windows\v7.0A\bin\rc.exe /nologo /fo"SingleMethodExecute.dir\Debug\SingleMethodExecute.exe.embed.manifest.res" SingleMethodExecute.dir\Debug\SingleMethodExecute_manifest.rc 
       LinkEmbedManifest:
         c:\Program Files\Microsoft Visual Studio 10.0\VC\bin\link.exe /ERRORREPORT:PROMPT /OUT:"C:\Users\student\Desktop\pwplab2\build\bin\Debug\SingleMethodExecute.exe" /INCREMENTAL /NOLOGO kernel32.lib user32.lib gdi32.lib winspool.lib shell32.lib ole32.lib oleaut32.lib uuid.lib comdlg32.lib advapi32.lib ..\..\bin\Debug\OpenIGTLink.lib ws2_32.lib wsock32.lib /MANIFEST /ManifestFile:"SingleMethodExecute.dir\Debug\SingleMethodExecute.exe.intermediate.manifest" /MANIFESTUAC:"level='asInvoker' uiAccess='false'" /DEBUG /PDB:"C:/Users/student/Desktop/pwplab2/build/bin/Debug/SingleMethodExecute.pdb" /SUBSYSTEM:CONSOLE /TLBID:1 /DYNAMICBASE /NXCOMPAT /IMPLIB:"C:/Users/student/Desktop/pwplab2/build/bin/Debug/SingleMethodExecute.lib" /MACHINE:X86 SingleMethodExecute.dir\Debug\SingleMethodExecute.exe.embed.manifest.res
         SingleMethodExecute.dir\Debug\SingleMethodExecute.obj  /machine:X86 /debug 
            Creating library C:/Users/student/Desktop/pwplab2/build/bin/Debug/SingleMethodExecute.lib and object C:/Users/student/Desktop/pwplab2/build/bin/Debug/SingleMethodExecute.exp
         SingleMethodExecute.vcxproj -> C:\Users\student\Desktop\pwplab2\build\bin\Debug\SingleMethodExecute.exe
       FinalizeBuildStatus:
         Deleting file "SingleMethodExecute.dir\Debug\SingleMethodExecute.unsuccessfulbuild".
         Touching "SingleMethodExecute.dir\Debug\SingleMethodExecute.lastbuildstate".
     1>Done Building Project "C:\Users\student\Desktop\pwplab2\build\Examples\Thread\SingleMethodExecute.vcxproj" (build target(s)).

Build succeeded.

Time Elapsed 00:00:02.44
