Build started 2017-03-13 11:10:38.
     1>Project "C:\Users\student\Desktop\pwplab2\build\Examples\ImageMeta\LabelMetaClient.vcxproj" on node 3 (build target(s)).
     1>InitializeBuildStatus:
         Creating "LabelMetaClient.dir\Debug\LabelMetaClient.unsuccessfulbuild" because "AlwaysCreate" was specified.
       CustomBuild:
         Building Custom Rule C:/Users/student/Desktop/pwplab2/OpenIGTLink/Examples/ImageMeta/CMakeLists.txt
         CMake does not need to re-run because C:\Users\student\Desktop\pwplab2\build\Examples\ImageMeta\CMakeFiles\generate.stamp is up-to-date.
       ClCompile:
         c:\Program Files\Microsoft Visual Studio 10.0\VC\bin\CL.exe /c /IC:\Users\student\Desktop\pwplab2\OpenIGTLink\Source\igtlutil /IC:\Users\student\Desktop\pwplab2\OpenIGTLink\Source /IC:\Users\student\Desktop\pwplab2\build /IC:\Users\student\Desktop\pwplab2\build\Source /IC:\Users\student\Desktop\pwplab2\build\Source\igtlutil /Zi /nologo /W3 /WX- /Od /Ob0 /Oy- /D WIN32 /D _WINDOWS /D _DEBUG /D "CMAKE_INTDIR=\"Debug\"" /D _MBCS /Gm- /EHsc /RTC1 /MDd /GS /fp:precise /Zc:wchar_t /Zc:forScope /GR /Fo"LabelMetaClient.dir\Debug\\" /Fd"LabelMetaClient.dir\Debug\vc100.pdb" /Gd /TP /analyze- /errorReport:prompt ..\..\..\OpenIGTLink\Examples\ImageMeta\LabelMetaClient.cxx
         LabelMetaClient.cxx
       ManifestResourceCompile:
         C:\Program Files\Microsoft SDKs\Windows\v7.0A\bin\rc.exe /nologo /fo"LabelMetaClient.dir\Debug\LabelMetaClient.exe.embed.manifest.res" LabelMetaClient.dir\Debug\LabelMetaClient_manifest.rc 
       Link:
         c:\Program Files\Microsoft Visual Studio 10.0\VC\bin\link.exe /ERRORREPORT:PROMPT /OUT:"C:\Users\student\Desktop\pwplab2\build\bin\Debug\LabelMetaClient.exe" /INCREMENTAL /NOLOGO kernel32.lib user32.lib gdi32.lib winspool.lib shell32.lib ole32.lib oleaut32.lib uuid.lib comdlg32.lib advapi32.lib ..\..\bin\Debug\OpenIGTLink.lib ws2_32.lib wsock32.lib /MANIFEST /ManifestFile:"LabelMetaClient.dir\Debug\LabelMetaClient.exe.intermediate.manifest" /MANIFESTUAC:"level='asInvoker' uiAccess='false'" /DEBUG /PDB:"C:/Users/student/Desktop/pwplab2/build/bin/Debug/LabelMetaClient.pdb" /SUBSYSTEM:CONSOLE /TLBID:1 /DYNAMICBASE /NXCOMPAT /IMPLIB:"C:/Users/student/Desktop/pwplab2/build/bin/Debug/LabelMetaClient.lib" /MACHINE:X86 LabelMetaClient.dir\Debug\LabelMetaClient.exe.embed.manifest.res
         LabelMetaClient.dir\Debug\LabelMetaClient.obj  /machine:X86 /debug 
            Creating library C:/Users/student/Desktop/pwplab2/build/bin/Debug/LabelMetaClient.lib and object C:/Users/student/Desktop/pwplab2/build/bin/Debug/LabelMetaClient.exp
       Manifest:
         C:\Program Files\Microsoft SDKs\Windows\v7.0A\bin\mt.exe /nologo /verbose /out:"LabelMetaClient.dir\Debug\LabelMetaClient.exe.embed.manifest" /manifest LabelMetaClient.dir\Debug\LabelMetaClient.exe.intermediate.manifest
         C:\Program Files\Microsoft SDKs\Windows\v7.0A\bin\rc.exe /nologo /fo"LabelMetaClient.dir\Debug\LabelMetaClient.exe.embed.manifest.res" LabelMetaClient.dir\Debug\LabelMetaClient_manifest.rc 
       LinkEmbedManifest:
         c:\Program Files\Microsoft Visual Studio 10.0\VC\bin\link.exe /ERRORREPORT:PROMPT /OUT:"C:\Users\student\Desktop\pwplab2\build\bin\Debug\LabelMetaClient.exe" /INCREMENTAL /NOLOGO kernel32.lib user32.lib gdi32.lib winspool.lib shell32.lib ole32.lib oleaut32.lib uuid.lib comdlg32.lib advapi32.lib ..\..\bin\Debug\OpenIGTLink.lib ws2_32.lib wsock32.lib /MANIFEST /ManifestFile:"LabelMetaClient.dir\Debug\LabelMetaClient.exe.intermediate.manifest" /MANIFESTUAC:"level='asInvoker' uiAccess='false'" /DEBUG /PDB:"C:/Users/student/Desktop/pwplab2/build/bin/Debug/LabelMetaClient.pdb" /SUBSYSTEM:CONSOLE /TLBID:1 /DYNAMICBASE /NXCOMPAT /IMPLIB:"C:/Users/student/Desktop/pwplab2/build/bin/Debug/LabelMetaClient.lib" /MACHINE:X86 LabelMetaClient.dir\Debug\LabelMetaClient.exe.embed.manifest.res
         LabelMetaClient.dir\Debug\LabelMetaClient.obj  /machine:X86 /debug 
            Creating library C:/Users/student/Desktop/pwplab2/build/bin/Debug/LabelMetaClient.lib and object C:/Users/student/Desktop/pwplab2/build/bin/Debug/LabelMetaClient.exp
         LabelMetaClient.vcxproj -> C:\Users\student\Desktop\pwplab2\build\bin\Debug\LabelMetaClient.exe
       FinalizeBuildStatus:
         Deleting file "LabelMetaClient.dir\Debug\LabelMetaClient.unsuccessfulbuild".
         Touching "LabelMetaClient.dir\Debug\LabelMetaClient.lastbuildstate".
     1>Done Building Project "C:\Users\student\Desktop\pwplab2\build\Examples\ImageMeta\LabelMetaClient.vcxproj" (build target(s)).

Build succeeded.

Time Elapsed 00:00:02.52
