Build started 2017-03-13 11:10:33.
     1>Project "C:\Users\student\Desktop\pwplab2\build\Examples\Capability\CapabilityServer.vcxproj" on node 2 (build target(s)).
     1>InitializeBuildStatus:
         Creating "CapabilityServer.dir\Debug\CapabilityServer.unsuccessfulbuild" because "AlwaysCreate" was specified.
       CustomBuild:
         Building Custom Rule C:/Users/student/Desktop/pwplab2/OpenIGTLink/Examples/Capability/CMakeLists.txt
         CMake does not need to re-run because C:\Users\student\Desktop\pwplab2\build\Examples\Capability\CMakeFiles\generate.stamp is up-to-date.
       ClCompile:
         c:\Program Files\Microsoft Visual Studio 10.0\VC\bin\CL.exe /c /IC:\Users\student\Desktop\pwplab2\OpenIGTLink\Source\igtlutil /IC:\Users\student\Desktop\pwplab2\OpenIGTLink\Source /IC:\Users\student\Desktop\pwplab2\build /IC:\Users\student\Desktop\pwplab2\build\Source /IC:\Users\student\Desktop\pwplab2\build\Source\igtlutil /Zi /nologo /W3 /WX- /Od /Ob0 /Oy- /D WIN32 /D _WINDOWS /D _DEBUG /D "CMAKE_INTDIR=\"Debug\"" /D _MBCS /Gm- /EHsc /RTC1 /MDd /GS /fp:precise /Zc:wchar_t /Zc:forScope /GR /Fo"CapabilityServer.dir\Debug\\" /Fd"CapabilityServer.dir\Debug\vc100.pdb" /Gd /TP /analyze- /errorReport:prompt ..\..\..\OpenIGTLink\Examples\Capability\CapabilityServer.cxx
         CapabilityServer.cxx
       ManifestResourceCompile:
         C:\Program Files\Microsoft SDKs\Windows\v7.0A\bin\rc.exe /nologo /fo"CapabilityServer.dir\Debug\CapabilityServer.exe.embed.manifest.res" CapabilityServer.dir\Debug\CapabilityServer_manifest.rc 
       Link:
         c:\Program Files\Microsoft Visual Studio 10.0\VC\bin\link.exe /ERRORREPORT:PROMPT /OUT:"C:\Users\student\Desktop\pwplab2\build\bin\Debug\CapabilityServer.exe" /INCREMENTAL /NOLOGO kernel32.lib user32.lib gdi32.lib winspool.lib shell32.lib ole32.lib oleaut32.lib uuid.lib comdlg32.lib advapi32.lib ..\..\bin\Debug\OpenIGTLink.lib ws2_32.lib wsock32.lib /MANIFEST /ManifestFile:"CapabilityServer.dir\Debug\CapabilityServer.exe.intermediate.manifest" /MANIFESTUAC:"level='asInvoker' uiAccess='false'" /DEBUG /PDB:"C:/Users/student/Desktop/pwplab2/build/bin/Debug/CapabilityServer.pdb" /SUBSYSTEM:CONSOLE /TLBID:1 /DYNAMICBASE /NXCOMPAT /IMPLIB:"C:/Users/student/Desktop/pwplab2/build/bin/Debug/CapabilityServer.lib" /MACHINE:X86 CapabilityServer.dir\Debug\CapabilityServer.exe.embed.manifest.res
         CapabilityServer.dir\Debug\CapabilityServer.obj  /machine:X86 /debug 
            Creating library C:/Users/student/Desktop/pwplab2/build/bin/Debug/CapabilityServer.lib and object C:/Users/student/Desktop/pwplab2/build/bin/Debug/CapabilityServer.exp
       Manifest:
         C:\Program Files\Microsoft SDKs\Windows\v7.0A\bin\mt.exe /nologo /verbose /out:"CapabilityServer.dir\Debug\CapabilityServer.exe.embed.manifest" /manifest CapabilityServer.dir\Debug\CapabilityServer.exe.intermediate.manifest
         C:\Program Files\Microsoft SDKs\Windows\v7.0A\bin\rc.exe /nologo /fo"CapabilityServer.dir\Debug\CapabilityServer.exe.embed.manifest.res" CapabilityServer.dir\Debug\CapabilityServer_manifest.rc 
       LinkEmbedManifest:
         c:\Program Files\Microsoft Visual Studio 10.0\VC\bin\link.exe /ERRORREPORT:PROMPT /OUT:"C:\Users\student\Desktop\pwplab2\build\bin\Debug\CapabilityServer.exe" /INCREMENTAL /NOLOGO kernel32.lib user32.lib gdi32.lib winspool.lib shell32.lib ole32.lib oleaut32.lib uuid.lib comdlg32.lib advapi32.lib ..\..\bin\Debug\OpenIGTLink.lib ws2_32.lib wsock32.lib /MANIFEST /ManifestFile:"CapabilityServer.dir\Debug\CapabilityServer.exe.intermediate.manifest" /MANIFESTUAC:"level='asInvoker' uiAccess='false'" /DEBUG /PDB:"C:/Users/student/Desktop/pwplab2/build/bin/Debug/CapabilityServer.pdb" /SUBSYSTEM:CONSOLE /TLBID:1 /DYNAMICBASE /NXCOMPAT /IMPLIB:"C:/Users/student/Desktop/pwplab2/build/bin/Debug/CapabilityServer.lib" /MACHINE:X86 CapabilityServer.dir\Debug\CapabilityServer.exe.embed.manifest.res
         CapabilityServer.dir\Debug\CapabilityServer.obj  /machine:X86 /debug 
            Creating library C:/Users/student/Desktop/pwplab2/build/bin/Debug/CapabilityServer.lib and object C:/Users/student/Desktop/pwplab2/build/bin/Debug/CapabilityServer.exp
         CapabilityServer.vcxproj -> C:\Users\student\Desktop\pwplab2\build\bin\Debug\CapabilityServer.exe
       FinalizeBuildStatus:
         Deleting file "CapabilityServer.dir\Debug\CapabilityServer.unsuccessfulbuild".
         Touching "CapabilityServer.dir\Debug\CapabilityServer.lastbuildstate".
     1>Done Building Project "C:\Users\student\Desktop\pwplab2\build\Examples\Capability\CapabilityServer.vcxproj" (build target(s)).

Build succeeded.

Time Elapsed 00:00:03.19
