Build started 2017-03-13 11:10:46.
     1>Project "C:\Users\student\Desktop\pwplab2\build\Examples\Imager\ImagerClient3.vcxproj" on node 3 (build target(s)).
     1>InitializeBuildStatus:
         Creating "ImagerClient3.dir\Debug\ImagerClient3.unsuccessfulbuild" because "AlwaysCreate" was specified.
       CustomBuild:
         Building Custom Rule C:/Users/student/Desktop/pwplab2/OpenIGTLink/Examples/Imager/CMakeLists.txt
         CMake does not need to re-run because C:\Users\student\Desktop\pwplab2\build\Examples\Imager\CMakeFiles\generate.stamp is up-to-date.
       ClCompile:
         c:\Program Files\Microsoft Visual Studio 10.0\VC\bin\CL.exe /c /IC:\Users\student\Desktop\pwplab2\OpenIGTLink\Source\igtlutil /IC:\Users\student\Desktop\pwplab2\OpenIGTLink\Source /IC:\Users\student\Desktop\pwplab2\build /IC:\Users\student\Desktop\pwplab2\build\Source /IC:\Users\student\Desktop\pwplab2\build\Source\igtlutil /Zi /nologo /W3 /WX- /Od /Ob0 /Oy- /D WIN32 /D _WINDOWS /D _DEBUG /D "CMAKE_INTDIR=\"Debug\"" /D _MBCS /Gm- /EHsc /RTC1 /MDd /GS /fp:precise /Zc:wchar_t /Zc:forScope /GR /Fo"ImagerClient3.dir\Debug\\" /Fd"ImagerClient3.dir\Debug\vc100.pdb" /Gd /TP /analyze- /errorReport:prompt ..\..\..\OpenIGTLink\Examples\Imager\ImagerClient3.cxx
         ImagerClient3.cxx
       ManifestResourceCompile:
         C:\Program Files\Microsoft SDKs\Windows\v7.0A\bin\rc.exe /nologo /fo"ImagerClient3.dir\Debug\ImagerClient3.exe.embed.manifest.res" ImagerClient3.dir\Debug\ImagerClient3_manifest.rc 
       Link:
         c:\Program Files\Microsoft Visual Studio 10.0\VC\bin\link.exe /ERRORREPORT:PROMPT /OUT:"C:\Users\student\Desktop\pwplab2\build\bin\Debug\ImagerClient3.exe" /INCREMENTAL /NOLOGO kernel32.lib user32.lib gdi32.lib winspool.lib shell32.lib ole32.lib oleaut32.lib uuid.lib comdlg32.lib advapi32.lib ..\..\bin\Debug\OpenIGTLink.lib ws2_32.lib wsock32.lib /MANIFEST /ManifestFile:"ImagerClient3.dir\Debug\ImagerClient3.exe.intermediate.manifest" /MANIFESTUAC:"level='asInvoker' uiAccess='false'" /DEBUG /PDB:"C:/Users/student/Desktop/pwplab2/build/bin/Debug/ImagerClient3.pdb" /SUBSYSTEM:CONSOLE /TLBID:1 /DYNAMICBASE /NXCOMPAT /IMPLIB:"C:/Users/student/Desktop/pwplab2/build/bin/Debug/ImagerClient3.lib" /MACHINE:X86 ImagerClient3.dir\Debug\ImagerClient3.exe.embed.manifest.res
         ImagerClient3.dir\Debug\ImagerClient3.obj  /machine:X86 /debug 
            Creating library C:/Users/student/Desktop/pwplab2/build/bin/Debug/ImagerClient3.lib and object C:/Users/student/Desktop/pwplab2/build/bin/Debug/ImagerClient3.exp
       Manifest:
         C:\Program Files\Microsoft SDKs\Windows\v7.0A\bin\mt.exe /nologo /verbose /out:"ImagerClient3.dir\Debug\ImagerClient3.exe.embed.manifest" /manifest ImagerClient3.dir\Debug\ImagerClient3.exe.intermediate.manifest
         C:\Program Files\Microsoft SDKs\Windows\v7.0A\bin\rc.exe /nologo /fo"ImagerClient3.dir\Debug\ImagerClient3.exe.embed.manifest.res" ImagerClient3.dir\Debug\ImagerClient3_manifest.rc 
       LinkEmbedManifest:
         c:\Program Files\Microsoft Visual Studio 10.0\VC\bin\link.exe /ERRORREPORT:PROMPT /OUT:"C:\Users\student\Desktop\pwplab2\build\bin\Debug\ImagerClient3.exe" /INCREMENTAL /NOLOGO kernel32.lib user32.lib gdi32.lib winspool.lib shell32.lib ole32.lib oleaut32.lib uuid.lib comdlg32.lib advapi32.lib ..\..\bin\Debug\OpenIGTLink.lib ws2_32.lib wsock32.lib /MANIFEST /ManifestFile:"ImagerClient3.dir\Debug\ImagerClient3.exe.intermediate.manifest" /MANIFESTUAC:"level='asInvoker' uiAccess='false'" /DEBUG /PDB:"C:/Users/student/Desktop/pwplab2/build/bin/Debug/ImagerClient3.pdb" /SUBSYSTEM:CONSOLE /TLBID:1 /DYNAMICBASE /NXCOMPAT /IMPLIB:"C:/Users/student/Desktop/pwplab2/build/bin/Debug/ImagerClient3.lib" /MACHINE:X86 ImagerClient3.dir\Debug\ImagerClient3.exe.embed.manifest.res
         ImagerClient3.dir\Debug\ImagerClient3.obj  /machine:X86 /debug 
            Creating library C:/Users/student/Desktop/pwplab2/build/bin/Debug/ImagerClient3.lib and object C:/Users/student/Desktop/pwplab2/build/bin/Debug/ImagerClient3.exp
         ImagerClient3.vcxproj -> C:\Users\student\Desktop\pwplab2\build\bin\Debug\ImagerClient3.exe
       FinalizeBuildStatus:
         Deleting file "ImagerClient3.dir\Debug\ImagerClient3.unsuccessfulbuild".
         Touching "ImagerClient3.dir\Debug\ImagerClient3.lastbuildstate".
     1>Done Building Project "C:\Users\student\Desktop\pwplab2\build\Examples\Imager\ImagerClient3.vcxproj" (build target(s)).

Build succeeded.

Time Elapsed 00:00:02.73
